<?xml version="1.0" encoding="UTF-8"?>
<!-- Generated by org.testng.reporters.JUnitReportReporter -->
<testsuite skipped="0" hostname="sbv6-Vostro-3268" name="com.crm.qa.testcases.ContactsPageTest" tests="6" failures="0" timestamp="03 Sep 2018 09:01:57 GMT" time="152.874" errors="0">
  <testcase name="verifyContactPagelabel" time="25.663" classname="com.crm.qa.testcases.ContactsPageTest"/>
  <testcase name="selectContactTest" time="24.398" classname="com.crm.qa.testcases.ContactsPageTest"/>
  <testcase name="selectMultipleContactTest" time="25.188" classname="com.crm.qa.testcases.ContactsPageTest"/>
  <testcase name="validateCreateNewContactTest" time="25.066" classname="com.crm.qa.testcases.ContactsPageTest"/>
  <testcase name="validateCreateNewContactTest" time="25.121" classname="com.crm.qa.testcases.ContactsPageTest"/>
  <testcase name="validateCreateNewContactTest" time="27.438" classname="com.crm.qa.testcases.ContactsPageTest"/>
</testsuite> <!-- com.crm.qa.testcases.ContactsPageTest -->
