<?xml version="1.0" encoding="UTF-8"?>
<!-- Generated by org.testng.reporters.JUnitReportReporter -->
<testsuite skipped="0" hostname="sbv6-Vostro-3268" name="com.crm.qa.testcases.LoginPageTest" tests="3" failures="0" timestamp="03 Sep 2018 09:01:57 GMT" time="40.908" errors="0">
  <testcase name="loginPageTitleTest" time="10.284" classname="com.crm.qa.testcases.LoginPageTest"/>
  <testcase name="crmLogoImageTest" time="9.747" classname="com.crm.qa.testcases.LoginPageTest"/>
  <testcase name="loginTest" time="20.877" classname="com.crm.qa.testcases.LoginPageTest"/>
</testsuite> <!-- com.crm.qa.testcases.LoginPageTest -->
